2025-08-26 21:15:00,694 - INFO - Starting to scrape data from: https://www.interregnorthsea.eu/project-data
2025-08-26 21:15:01,075 - INFO - Successfully scraped 65 projects
2025-08-26 21:15:01,080 - INFO - Data saved to scraped data\interreg_projects_20250826_211501.csv
2025-08-26 21:15:01,081 - INFO - Data saved to scraped data\interreg_projects_20250826_211501.json
2025-08-26 21:15:01,082 - INFO - Data saved to scraped data\interreg_acronyms_20250826_211501.csv
2025-08-26 21:15:01,082 - INFO - Data saved to scraped data\interreg_acronyms_20250826_211501.json
2025-08-26 21:15:01,083 - INFO - Starting to scrape detailed information for all projects...
2025-08-26 21:15:01,083 - INFO - Scraping project 1/65: DigiH4A
2025-08-26 21:15:01,084 - INFO - Scraping project details from: https://www.interregnorthsea.eu/digih4a/about-us
2025-08-26 21:15:01,161 - INFO - Successfully scraped details for project: DigiH4A
2025-08-26 21:15:02,161 - INFO - Scraping project 2/65: BRAVE
2025-08-26 21:15:02,162 - INFO - Scraping project details from: https://www.interregnorthsea.eu/brave/about-us
2025-08-26 21:15:02,202 - INFO - Successfully scraped details for project: BRAVE
2025-08-26 21:15:03,202 - INFO - Scraping project 3/65: SIRR
2025-08-26 21:15:03,203 - INFO - Scraping project details from: https://www.interregnorthsea.eu/sirr/about-us
2025-08-26 21:15:03,275 - INFO - Successfully scraped details for project: SIRR
2025-08-26 21:15:04,276 - INFO - Scraping project 4/65: DISCO
2025-08-26 21:15:04,276 - INFO - Scraping project details from: https://www.interregnorthsea.eu/disco/about-us
2025-08-26 21:15:04,314 - INFO - Successfully scraped details for project: DISCO
2025-08-26 21:15:05,315 - INFO - Scraping project 5/65: Digital Kiosks
2025-08-26 21:15:05,315 - INFO - Scraping project details from: https://www.interregnorthsea.eu/digitalkiosks/about-us
2025-08-26 21:15:05,390 - ERROR - Request failed for project Digital Kiosks: 404 Client Error: Not Found for url: https://www.interregnorthsea.eu/digitalkiosks/about-us
2025-08-26 21:15:06,390 - INFO - Scraping project 6/65: H2ignite
2025-08-26 21:15:06,391 - INFO - Scraping project details from: https://www.interregnorthsea.eu/h2ignite/about-us
2025-08-26 21:15:06,431 - INFO - Successfully scraped details for project: H2ignite
2025-08-26 21:15:07,432 - INFO - Scraping project 7/65: CircleBIM
2025-08-26 21:15:07,432 - INFO - Scraping project details from: https://www.interregnorthsea.eu/circlebim/about-us
2025-08-26 21:15:07,477 - INFO - Successfully scraped details for project: CircleBIM
2025-08-26 21:15:08,478 - INFO - Scraping project 8/65: SUPER
2025-08-26 21:15:08,478 - INFO - Scraping project details from: https://www.interregnorthsea.eu/super/about-us
2025-08-26 21:15:08,525 - INFO - Successfully scraped details for project: SUPER
2025-08-26 21:15:09,526 - INFO - Scraping project 9/65: SSCH
2025-08-26 21:15:09,527 - INFO - Scraping project details from: https://www.interregnorthsea.eu/ssch/about-us
2025-08-26 21:15:09,590 - ERROR - Request failed for project SSCH: 403 Client Error: Forbidden for url: https://www.interregnorthsea.eu/1111111/about-us
2025-08-26 21:15:10,591 - INFO - Scraping project 10/65: STORM_SAFE
2025-08-26 21:15:10,595 - INFO - Scraping project details from: https://www.interregnorthsea.eu/stormsafe/about-us
2025-08-26 21:15:10,650 - INFO - Successfully scraped details for project: STORM_SAFE
2025-08-26 21:15:11,653 - INFO - Scraping project 11/65: ACE
2025-08-26 21:15:11,653 - INFO - Scraping project details from: https://www.interregnorthsea.eu/ace/about-us
2025-08-26 21:15:11,731 - INFO - Successfully scraped details for project: ACE
2025-08-26 21:15:12,733 - INFO - Scraping project 12/65: CR
2025-08-26 21:15:12,734 - INFO - Scraping project details from: https://www.interregnorthsea.eu/cr/about-us
2025-08-26 21:15:12,816 - ERROR - Request failed for project CR: 404 Client Error: Not Found for url: https://www.interregnorthsea.eu/cr/about-us
2025-08-26 21:15:13,818 - INFO - Scraping project 13/65: D4A
2025-08-26 21:15:13,818 - INFO - Scraping project details from: https://www.interregnorthsea.eu/d4a/about-us
2025-08-26 21:15:13,955 - INFO - Successfully scraped details for project: D4A
2025-08-26 21:15:14,964 - INFO - Scraping project 14/65: 3ST
2025-08-26 21:15:14,966 - INFO - Scraping project details from: https://www.interregnorthsea.eu/3st/about-us
2025-08-26 21:15:15,090 - INFO - Successfully scraped details for project: 3ST
2025-08-26 21:15:16,091 - INFO - Scraping project 15/65: SUSTAIN-3D
2025-08-26 21:15:16,091 - INFO - Scraping project details from: https://www.interregnorthsea.eu/sustain3d/about-us
2025-08-26 21:15:16,168 - ERROR - Request failed for project SUSTAIN-3D: 404 Client Error: Not Found for url: https://www.interregnorthsea.eu/sustain3d/about-us
2025-08-26 21:15:17,170 - INFO - Scraping project 16/65: GRIT
2025-08-26 21:15:17,171 - INFO - Scraping project details from: https://www.interregnorthsea.eu/grit/about-us
2025-08-26 21:15:17,225 - INFO - Successfully scraped details for project: GRIT
2025-08-26 21:15:18,227 - INFO - Scraping project 17/65: OASIS
2025-08-26 21:15:18,228 - INFO - Scraping project details from: https://www.interregnorthsea.eu/oasis/about-us
2025-08-26 21:15:18,274 - INFO - Successfully scraped details for project: OASIS
2025-08-26 21:15:19,275 - INFO - Scraping project 18/65: NESSIE
2025-08-26 21:15:19,276 - INFO - Scraping project details from: https://www.interregnorthsea.eu/nessie/about-us
2025-08-26 21:15:19,388 - INFO - Successfully scraped details for project: NESSIE
2025-08-26 21:15:20,390 - INFO - Scraping project 19/65: WaterWarmth
2025-08-26 21:15:20,391 - INFO - Scraping project details from: https://www.interregnorthsea.eu/waterwarmth/about-us
2025-08-26 21:15:20,445 - INFO - Successfully scraped details for project: WaterWarmth
2025-08-26 21:15:21,447 - INFO - Scraping project 20/65: REDII Ports
2025-08-26 21:15:21,448 - INFO - Scraping project details from: https://www.interregnorthsea.eu/rediiports/about-us
2025-08-26 21:15:21,536 - ERROR - Request failed for project REDII Ports: 404 Client Error: Not Found for url: https://www.interregnorthsea.eu/rediiports/about-us
2025-08-26 21:15:22,537 - INFO - Scraping project 21/65: LIHYP
2025-08-26 21:15:22,537 - INFO - Scraping project details from: https://www.interregnorthsea.eu/lihyp/about-us
2025-08-26 21:15:22,664 - INFO - Successfully scraped details for project: LIHYP
2025-08-26 21:15:23,667 - INFO - Scraping project 22/65: DIOL
2025-08-26 21:15:23,668 - INFO - Scraping project details from: https://www.interregnorthsea.eu/diol/about-us
2025-08-26 21:15:23,731 - INFO - Successfully scraped details for project: DIOL
2025-08-26 21:15:24,732 - INFO - Scraping project 23/65: GRITH
2025-08-26 21:15:24,733 - INFO - Scraping project details from: https://www.interregnorthsea.eu/grith/about-us
2025-08-26 21:15:24,817 - INFO - Successfully scraped details for project: GRITH
2025-08-26 21:15:25,823 - INFO - Scraping project 24/65: COPPER
2025-08-26 21:15:25,827 - INFO - Scraping project details from: https://www.interregnorthsea.eu/copper/about-us
2025-08-26 21:15:25,878 - INFO - Successfully scraped details for project: COPPER
2025-08-26 21:15:26,879 - INFO - Scraping project 25/65: ANCHOR
2025-08-26 21:15:26,880 - INFO - Scraping project details from: https://www.interregnorthsea.eu/anchor/about-us
2025-08-26 21:15:26,972 - INFO - Successfully scraped details for project: ANCHOR
2025-08-26 21:15:27,974 - INFO - Scraping project 26/65: CIBIP
2025-08-26 21:15:27,974 - INFO - Scraping project details from: https://www.interregnorthsea.eu/cibip/about-us
2025-08-26 21:15:28,047 - INFO - Successfully scraped details for project: CIBIP
2025-08-26 21:15:29,049 - INFO - Scraping project 27/65: CTB
2025-08-26 21:15:29,058 - INFO - Scraping project details from: https://www.interregnorthsea.eu/ctb/about-us
2025-08-26 21:15:29,108 - INFO - Successfully scraped details for project: CTB
2025-08-26 21:15:30,109 - INFO - Scraping project 28/65: CEO
2025-08-26 21:15:30,111 - INFO - Scraping project details from: https://www.interregnorthsea.eu/ceo/about-us
2025-08-26 21:15:30,180 - INFO - Successfully scraped details for project: CEO
2025-08-26 21:15:31,182 - INFO - Scraping project 29/65: GREEN
2025-08-26 21:15:31,184 - INFO - Scraping project details from: https://www.interregnorthsea.eu/green/about-us
2025-08-26 21:15:31,269 - INFO - Successfully scraped details for project: GREEN
2025-08-26 21:15:32,270 - INFO - Scraping project 30/65: BBoBB
2025-08-26 21:15:32,273 - INFO - Scraping project details from: https://www.interregnorthsea.eu/bbobb/about-us
2025-08-26 21:15:32,325 - INFO - Successfully scraped details for project: BBoBB
2025-08-26 21:15:33,327 - INFO - Scraping project 31/65: CLOSECYCLE
2025-08-26 21:15:33,327 - INFO - Scraping project details from: https://www.interregnorthsea.eu/closecycle/about-us
2025-08-26 21:15:33,374 - INFO - Successfully scraped details for project: CLOSECYCLE
2025-08-26 21:15:34,377 - INFO - Scraping project 32/65: MM
2025-08-26 21:15:34,377 - INFO - Scraping project details from: https://www.interregnorthsea.eu/mm/about-us
2025-08-26 21:15:34,456 - INFO - Successfully scraped details for project: MM
2025-08-26 21:15:35,461 - INFO - Scraping project 33/65: InnoWaTr
2025-08-26 21:15:35,462 - INFO - Scraping project details from: https://www.interregnorthsea.eu/innowatr/about-us
2025-08-26 21:15:35,533 - ERROR - Request failed for project InnoWaTr: 404 Client Error: Not Found for url: https://www.interregnorthsea.eu/innowatr/about-us
2025-08-26 21:15:36,535 - INFO - Scraping project 34/65: SN2
2025-08-26 21:15:36,537 - INFO - Scraping project details from: https://www.interregnorthsea.eu/sn2/about-us
2025-08-26 21:15:36,682 - INFO - Successfully scraped details for project: SN2
2025-08-26 21:15:37,685 - INFO - Scraping project 35/65: SMALL
2025-08-26 21:15:37,686 - INFO - Scraping project details from: https://www.interregnorthsea.eu/small/about-us
2025-08-26 21:15:37,735 - INFO - Successfully scraped details for project: SMALL
2025-08-26 21:15:38,735 - INFO - Scraping project 36/65: Active Cities
2025-08-26 21:15:38,737 - INFO - Scraping project details from: https://www.interregnorthsea.eu/activecities/about-us
2025-08-26 21:15:38,817 - ERROR - Request failed for project Active Cities: 404 Client Error: Not Found for url: https://www.interregnorthsea.eu/activecities/about-us
2025-08-26 21:15:39,820 - INFO - Scraping project 37/65: MoLo Hubs
2025-08-26 21:15:39,822 - INFO - Scraping project details from: https://www.interregnorthsea.eu/molohubs/about-us
2025-08-26 21:15:39,899 - ERROR - Request failed for project MoLo Hubs: 404 Client Error: Not Found for url: https://www.interregnorthsea.eu/molohubs/about-us
2025-08-26 21:15:40,901 - INFO - Scraping project 38/65: GREEN SUPPLY CHAINS
2025-08-26 21:15:40,902 - INFO - Scraping project details from: https://www.interregnorthsea.eu/greensupplychains/about-us
2025-08-26 21:15:40,982 - ERROR - Request failed for project GREEN SUPPLY CHAINS: 404 Client Error: Not Found for url: https://www.interregnorthsea.eu/greensupplychains/about-us
2025-08-26 21:15:41,984 - INFO - Scraping project 39/65: MegaBITS
2025-08-26 21:15:41,985 - INFO - Scraping project details from: https://www.interregnorthsea.eu/megabits/about-us
2025-08-26 21:15:42,046 - INFO - Successfully scraped details for project: MegaBITS
2025-08-26 21:15:43,047 - INFO - Scraping project 40/65: ShareDiMobiHub
2025-08-26 21:15:43,047 - INFO - Scraping project details from: https://www.interregnorthsea.eu/sharedimobihub/about-us
2025-08-26 21:15:43,099 - INFO - Successfully scraped details for project: ShareDiMobiHub
2025-08-26 21:15:44,100 - INFO - Scraping project 41/65: FIER
2025-08-26 21:15:44,101 - INFO - Scraping project details from: https://www.interregnorthsea.eu/fier/about-us
2025-08-26 21:15:44,157 - INFO - Successfully scraped details for project: FIER
2025-08-26 21:15:45,157 - INFO - Scraping project 42/65: COOL CITIES
2025-08-26 21:15:45,158 - INFO - Scraping project details from: https://www.interregnorthsea.eu/coolcities/about-us
2025-08-26 21:15:45,242 - ERROR - Request failed for project COOL CITIES: 404 Client Error: Not Found for url: https://www.interregnorthsea.eu/coolcities/about-us
2025-08-26 21:15:46,247 - INFO - Scraping project 43/65: MANABAS COAST
2025-08-26 21:15:46,253 - INFO - Scraping project details from: https://www.interregnorthsea.eu/manabascoast/about-us
2025-08-26 21:15:46,329 - ERROR - Request failed for project MANABAS COAST: 404 Client Error: Not Found for url: https://www.interregnorthsea.eu/manabascoast/about-us
2025-08-26 21:15:47,333 - INFO - Scraping project 44/65: Blue Transition
2025-08-26 21:15:47,334 - INFO - Scraping project details from: https://www.interregnorthsea.eu/bluetransition/about-us
2025-08-26 21:15:47,414 - ERROR - Request failed for project Blue Transition: 404 Client Error: Not Found for url: https://www.interregnorthsea.eu/bluetransition/about-us
2025-08-26 21:15:48,417 - INFO - Scraping project 45/65: KID
2025-08-26 21:15:48,419 - INFO - Scraping project details from: https://www.interregnorthsea.eu/kid/about-us
2025-08-26 21:15:48,481 - INFO - Successfully scraped details for project: KID
2025-08-26 21:15:49,482 - INFO - Scraping project 46/65: Anemoi
2025-08-26 21:15:49,483 - INFO - Scraping project details from: https://www.interregnorthsea.eu/anemoi/about-us
2025-08-26 21:15:49,546 - INFO - Successfully scraped details for project: Anemoi
2025-08-26 21:15:50,546 - INFO - Scraping project 47/65: Biodiverse Cities
2025-08-26 21:15:50,547 - INFO - Scraping project details from: https://www.interregnorthsea.eu/biodiversecities/about-us
2025-08-26 21:15:50,625 - ERROR - Request failed for project Biodiverse Cities: 404 Client Error: Not Found for url: https://www.interregnorthsea.eu/biodiversecities/about-us
2025-08-26 21:15:51,627 - INFO - Scraping project 48/65: TREASURE
2025-08-26 21:15:51,628 - INFO - Scraping project details from: https://www.interregnorthsea.eu/treasure/about-us
2025-08-26 21:15:51,678 - INFO - Successfully scraped details for project: TREASURE
2025-08-26 21:15:52,680 - INFO - Scraping project 49/65: DivGrass
2025-08-26 21:15:52,681 - INFO - Scraping project details from: https://www.interregnorthsea.eu/divgrass/about-us
2025-08-26 21:15:52,765 - INFO - Successfully scraped details for project: DivGrass
2025-08-26 21:15:53,769 - INFO - Scraping project 50/65: Clancy
2025-08-26 21:15:53,770 - INFO - Scraping project details from: https://www.interregnorthsea.eu/clancy/about-us
2025-08-26 21:15:54,123 - INFO - Successfully scraped details for project: Clancy
2025-08-26 21:15:55,124 - INFO - Scraping project 51/65: DARKER SKY
2025-08-26 21:15:55,126 - INFO - Scraping project details from: https://www.interregnorthsea.eu/darkersky/about-us
2025-08-26 21:15:55,210 - ERROR - Request failed for project DARKER SKY: 404 Client Error: Not Found for url: https://www.interregnorthsea.eu/darkersky/about-us
2025-08-26 21:15:56,220 - INFO - Scraping project 52/65: REMARCO
2025-08-26 21:15:56,222 - INFO - Scraping project details from: https://www.interregnorthsea.eu/remarco/about-us
2025-08-26 21:15:56,289 - INFO - Successfully scraped details for project: REMARCO
2025-08-26 21:15:57,292 - INFO - Scraping project 53/65: DEMASK
2025-08-26 21:15:57,293 - INFO - Scraping project details from: https://www.interregnorthsea.eu/demask/about-us
2025-08-26 21:15:57,749 - INFO - Successfully scraped details for project: DEMASK
2025-08-26 21:15:58,752 - INFO - Scraping project 54/65: EXPBIO
2025-08-26 21:15:58,752 - INFO - Scraping project details from: https://www.interregnorthsea.eu/expbio/about-us
2025-08-26 21:15:58,803 - INFO - Successfully scraped details for project: EXPBIO
2025-08-26 21:15:59,807 - INFO - Scraping project 55/65: FREIIA
2025-08-26 21:15:59,809 - INFO - Scraping project details from: https://www.interregnorthsea.eu/freiia/about-us
2025-08-26 21:15:59,864 - INFO - Successfully scraped details for project: FREIIA
2025-08-26 21:16:00,876 - INFO - Scraping project 56/65: Norsaic
2025-08-26 21:16:00,876 - INFO - Scraping project details from: https://www.interregnorthsea.eu/norsaic/about-us
2025-08-26 21:16:00,915 - INFO - Successfully scraped details for project: Norsaic
2025-08-26 21:16:01,917 - INFO - Scraping project 57/65: GLEAM NSR
2025-08-26 21:16:01,920 - INFO - Scraping project details from: https://www.interregnorthsea.eu/gleamnsr/about-us
2025-08-26 21:16:01,992 - ERROR - Request failed for project GLEAM NSR: 404 Client Error: Not Found for url: https://www.interregnorthsea.eu/gleamnsr/about-us
2025-08-26 21:16:02,993 - INFO - Scraping project 58/65: Green Team
2025-08-26 21:16:02,996 - INFO - Scraping project details from: https://www.interregnorthsea.eu/greenteam/about-us
2025-08-26 21:16:03,073 - ERROR - Request failed for project Green Team: 404 Client Error: Not Found for url: https://www.interregnorthsea.eu/greenteam/about-us
2025-08-26 21:16:04,075 - INFO - Scraping project 59/65: LISTEN
2025-08-26 21:16:04,076 - INFO - Scraping project details from: https://www.interregnorthsea.eu/listen/about-us
2025-08-26 21:16:04,130 - INFO - Successfully scraped details for project: LISTEN
2025-08-26 21:16:05,132 - INFO - Scraping project 60/65: NS H2V Ports
2025-08-26 21:16:05,132 - INFO - Scraping project details from: https://www.interregnorthsea.eu/nsh2vports/about-us
2025-08-26 21:16:05,203 - ERROR - Request failed for project NS H2V Ports: 404 Client Error: Not Found for url: https://www.interregnorthsea.eu/nsh2vports/about-us
2025-08-26 21:16:06,206 - INFO - Scraping project 61/65: SELECT
2025-08-26 21:16:06,209 - INFO - Scraping project details from: https://www.interregnorthsea.eu/select/about-us
2025-08-26 21:16:06,271 - INFO - Successfully scraped details for project: SELECT
2025-08-26 21:16:07,274 - INFO - Scraping project 62/65: SPIES
2025-08-26 21:16:07,275 - INFO - Scraping project details from: https://www.interregnorthsea.eu/spies/about-us
2025-08-26 21:16:07,330 - INFO - Successfully scraped details for project: SPIES
2025-08-26 21:16:08,333 - INFO - Scraping project 63/65: Speak Up
2025-08-26 21:16:08,338 - INFO - Scraping project details from: https://www.interregnorthsea.eu/speakup/about-us
2025-08-26 21:16:08,415 - ERROR - Request failed for project Speak Up: 404 Client Error: Not Found for url: https://www.interregnorthsea.eu/speakup/about-us
2025-08-26 21:16:09,420 - INFO - Scraping project 64/65: EHRIN
2025-08-26 21:16:09,421 - INFO - Scraping project details from: https://www.interregnorthsea.eu/ehrin/about-us
2025-08-26 21:16:09,509 - INFO - Successfully scraped details for project: EHRIN
2025-08-26 21:16:10,532 - INFO - Scraping project 65/65: BIOZE
2025-08-26 21:16:10,533 - INFO - Scraping project details from: https://www.interregnorthsea.eu/bioze/about-us
2025-08-26 21:16:10,643 - INFO - Successfully scraped details for project: BIOZE
2025-08-26 21:16:10,645 - INFO - Completed scraping details for 65 projects
2025-08-26 21:16:10,648 - ERROR - Failed to save CSV: dict contains fields not in fieldnames: 'error'
2025-08-26 21:16:10,658 - INFO - Data saved to scraped data\interreg_project_details_20250826_211610.json
